<?xml version="1.0" encoding="UTF-8"?>
<testsuite xmlns:xsi="http://www.w3.org/2001/XMLSchema-instance" xsi:noNamespaceSchemaLocation="https://maven.apache.org/surefire/maven-surefire-plugin/xsd/surefire-test-report.xsd" name="Runner.TestRunner_LoginPositive" time="8.825" tests="2" errors="0" skipped="0" failures="0">
  <properties>
[...]
</properties>
  <testcase name="login with valid credentials" classname="Login Functionality" time="4.783"/>
  <testcase name="login with a locked out user" classname="Login Functionality" time="4.023"/>
</testsuite>